==========================================================================================
Вот какие миграции по умолчанию:

$ python3 manage.py migrate
Operations to perform:
  Apply all migrations: admin, auth, contenttypes, myapp, sessions
Running migrations:
  Applying contenttypes.0001_initial... OK
  Applying auth.0001_initial... OK
  Applying admin.0001_initial... OK
  Applying admin.0002_logentry_remove_auto_add... OK
  Applying admin.0003_logentry_add_action_flag_choices... OK
  Applying contenttypes.0002_remove_content_type_name... OK
  Applying auth.0002_alter_permission_name_max_length... OK
  Applying auth.0003_alter_user_email_max_length... OK
  Applying auth.0004_alter_user_username_opts... OK
  Applying auth.0005_alter_user_last_login_null... OK
  Applying auth.0006_require_contenttypes_0002... OK
  Applying auth.0007_alter_validators_add_error_messages... OK
  Applying auth.0008_alter_user_username_max_length... OK
  Applying auth.0009_alter_user_last_name_max_length... OK
  Applying myapp.0001_initial... OK
  Applying sessions.0001_initial... OK
  
  
  

==========================================================================================
  
А вот так выглядят операции при создании базы
sqlite> .dump
PRAGMA foreign_keys=OFF;
BEGIN TRANSACTION;
CREATE TABLE "django_migrations" ("id" integer NOT NULL PRIMARY KEY AUTOINCREMENT, "app" varchar(255) NOT NULL, "name" varchar(255) NOT NULL, "applied" datetime NOT NULL);
INSERT INTO "django_migrations" VALUES(1,'contenttypes','0001_initial','2019-03-25 08:29:26.181454');
INSERT INTO "django_migrations" VALUES(2,'auth','0001_initial','2019-03-25 08:29:26.307236');
INSERT INTO "django_migrations" VALUES(3,'admin','0001_initial','2019-03-25 08:29:26.420585');
INSERT INTO "django_migrations" VALUES(4,'admin','0002_logentry_remove_auto_add','2019-03-25 08:29:26.509348');
INSERT INTO "django_migrations" VALUES(5,'admin','0003_logentry_add_action_flag_choices','2019-03-25 08:29:26.590968');
INSERT INTO "django_migrations" VALUES(6,'contenttypes','0002_remove_content_type_name','2019-03-25 08:29:26.656293');
INSERT INTO "django_migrations" VALUES(7,'auth','0002_alter_permission_name_max_length','2019-03-25 08:29:26.708967');
INSERT INTO "django_migrations" VALUES(8,'auth','0003_alter_user_email_max_length','2019-03-25 08:29:26.786992');
INSERT INTO "django_migrations" VALUES(9,'auth','0004_alter_user_username_opts','2019-03-25 08:29:26.852909');
INSERT INTO "django_migrations" VALUES(10,'auth','0005_alter_user_last_login_null','2019-03-25 08:29:26.919607');
INSERT INTO "django_migrations" VALUES(11,'auth','0006_require_contenttypes_0002','2019-03-25 08:29:26.939101');
INSERT INTO "django_migrations" VALUES(12,'auth','0007_alter_validators_add_error_messages','2019-03-25 08:29:27.001554');
INSERT INTO "django_migrations" VALUES(13,'auth','0008_alter_user_username_max_length','2019-03-25 08:29:27.047149');
INSERT INTO "django_migrations" VALUES(14,'auth','0009_alter_user_last_name_max_length','2019-03-25 08:29:27.114439');
INSERT INTO "django_migrations" VALUES(15,'myapp','0001_initial','2019-03-25 08:29:27.158731');
INSERT INTO "django_migrations" VALUES(16,'sessions','0001_initial','2019-03-25 08:29:27.199103');
CREATE TABLE "auth_group" ("id" integer NOT NULL PRIMARY KEY AUTOINCREMENT, "name" varchar(80) NOT NULL UNIQUE);
CREATE TABLE "auth_group_permissions" ("id" integer NOT NULL PRIMARY KEY AUTOINCREMENT, "group_id" integer NOT NULL REFERENCES "auth_group" ("id") DEFERRABLE INITIALLY DEFERRED, "permission_id" integer NOT NULL REFERENCES "auth_permission" ("id") DEFERRABLE INITIALLY DEFERRED);
CREATE TABLE "auth_user_groups" ("id" integer NOT NULL PRIMARY KEY AUTOINCREMENT, "user_id" integer NOT NULL REFERENCES "auth_user" ("id") DEFERRABLE INITIALLY DEFERRED, "group_id" integer NOT NULL REFERENCES "auth_group" ("id") DEFERRABLE INITIALLY DEFERRED);
CREATE TABLE "auth_user_user_permissions" ("id" integer NOT NULL PRIMARY KEY AUTOINCREMENT, "user_id" integer NOT NULL REFERENCES "auth_user" ("id") DEFERRABLE INITIALLY DEFERRED, "permission_id" integer NOT NULL REFERENCES "auth_permission" ("id") DEFERRABLE INITIALLY DEFERRED);
CREATE TABLE "django_admin_log" ("id" integer NOT NULL PRIMARY KEY AUTOINCREMENT, "action_time" datetime NOT NULL, "object_id" text NULL, "object_repr" varchar(200) NOT NULL, "change_message" text NOT NULL, "content_type_id" integer NULL REFERENCES "django_content_type" ("id") DEFERRABLE INITIALLY DEFERRED, "user_id" integer NOT NULL REFERENCES "auth_user" ("id") DEFERRABLE INITIALLY DEFERRED, "action_flag" smallint unsigned NOT NULL);
CREATE TABLE "django_content_type" ("id" integer NOT NULL PRIMARY KEY AUTOINCREMENT, "app_label" varchar(100) NOT NULL, "model" varchar(100) NOT NULL);
INSERT INTO "django_content_type" VALUES(1,'myapp','department');
INSERT INTO "django_content_type" VALUES(2,'myapp','employee');
INSERT INTO "django_content_type" VALUES(3,'admin','logentry');
INSERT INTO "django_content_type" VALUES(4,'auth','permission');
INSERT INTO "django_content_type" VALUES(5,'auth','user');
INSERT INTO "django_content_type" VALUES(6,'auth','group');
INSERT INTO "django_content_type" VALUES(7,'contenttypes','contenttype');
INSERT INTO "django_content_type" VALUES(8,'sessions','session');
CREATE TABLE "auth_permission" ("id" integer NOT NULL PRIMARY KEY AUTOINCREMENT, "content_type_id" integer NOT NULL REFERENCES "django_content_type" ("id") DEFERRABLE INITIALLY DEFERRED, "codename" varchar(100) NOT NULL, "name" varchar(255) NOT NULL);
INSERT INTO "auth_permission" VALUES(1,1,'add_department','Can add department');
INSERT INTO "auth_permission" VALUES(2,1,'change_department','Can change department');
INSERT INTO "auth_permission" VALUES(3,1,'delete_department','Can delete department');
INSERT INTO "auth_permission" VALUES(4,1,'view_department','Can view department');
INSERT INTO "auth_permission" VALUES(5,2,'add_employee','Can add employee');
INSERT INTO "auth_permission" VALUES(6,2,'change_employee','Can change employee');
INSERT INTO "auth_permission" VALUES(7,2,'delete_employee','Can delete employee');
INSERT INTO "auth_permission" VALUES(8,2,'view_employee','Can view employee');
INSERT INTO "auth_permission" VALUES(9,3,'add_logentry','Can add log entry');
INSERT INTO "auth_permission" VALUES(10,3,'change_logentry','Can change log entry');
INSERT INTO "auth_permission" VALUES(11,3,'delete_logentry','Can delete log entry');
INSERT INTO "auth_permission" VALUES(12,3,'view_logentry','Can view log entry');
INSERT INTO "auth_permission" VALUES(13,4,'add_permission','Can add permission');
INSERT INTO "auth_permission" VALUES(14,4,'change_permission','Can change permission');
INSERT INTO "auth_permission" VALUES(15,4,'delete_permission','Can delete permission');
INSERT INTO "auth_permission" VALUES(16,4,'view_permission','Can view permission');
INSERT INTO "auth_permission" VALUES(17,5,'add_user','Can add user');
INSERT INTO "auth_permission" VALUES(18,5,'change_user','Can change user');
INSERT INTO "auth_permission" VALUES(19,5,'delete_user','Can delete user');
INSERT INTO "auth_permission" VALUES(20,5,'view_user','Can view user');
INSERT INTO "auth_permission" VALUES(21,6,'add_group','Can add group');
INSERT INTO "auth_permission" VALUES(22,6,'change_group','Can change group');
INSERT INTO "auth_permission" VALUES(23,6,'delete_group','Can delete group');
INSERT INTO "auth_permission" VALUES(24,6,'view_group','Can view group');
INSERT INTO "auth_permission" VALUES(25,7,'add_contenttype','Can add content type');
INSERT INTO "auth_permission" VALUES(26,7,'change_contenttype','Can change content type');
INSERT INTO "auth_permission" VALUES(27,7,'delete_contenttype','Can delete content type');
INSERT INTO "auth_permission" VALUES(28,7,'view_contenttype','Can view content type');
INSERT INTO "auth_permission" VALUES(29,8,'add_session','Can add session');
INSERT INTO "auth_permission" VALUES(30,8,'change_session','Can change session');
INSERT INTO "auth_permission" VALUES(31,8,'delete_session','Can delete session');
INSERT INTO "auth_permission" VALUES(32,8,'view_session','Can view session');
CREATE TABLE "auth_user" ("id" integer NOT NULL PRIMARY KEY AUTOINCREMENT, "password" varchar(128) NOT NULL, "last_login" datetime NULL, "is_superuser" bool NOT NULL, "username" varchar(150) NOT NULL UNIQUE, "first_name" varchar(30) NOT NULL, "email" varchar(254) NOT NULL, "is_staff" bool NOT NULL, "is_active" bool NOT NULL, "date_joined" datetime NOT NULL, "last_name" varchar(150) NOT NULL);
INSERT INTO "auth_user" VALUES(1,'pbkdf2_sha256$120000$SpncdlVJ7Doj$BMnhnAe+hg0I6uU0+WIBYSKq5r+Cc1hKYr+JvB51u9g=','2019-03-25 09:55:40.799300',1,'admin','','',1,1,'2019-03-25 09:55:29.517694','');
CREATE TABLE "myapp_department" ("id" integer NOT NULL PRIMARY KEY AUTOINCREMENT, "name" text NOT NULL);
INSERT INTO "myapp_department" VALUES(95,'experimental_physics');
INSERT INTO "myapp_department" VALUES(96,'astro_physics');
INSERT INTO "myapp_department" VALUES(97,'engineers');
CREATE TABLE "myapp_employee" ("id" integer NOT NULL PRIMARY KEY AUTOINCREMENT, "first_name" varchar(100) NOT NULL, "surname" text NOT NULL, "join_date" datetime NOT NULL, "department_id" integer NOT NULL REFERENCES "myapp_department" ("id") DEFERRABLE INITIALLY DEFERRED);
INSERT INTO "myapp_employee" VALUES(100,'Leonard','Hofstadter','2019-03-25 11:11:27.207667',95);
INSERT INTO "myapp_employee" VALUES(101,'Howard','Wolowitz','2019-03-25 11:11:27.207791',97);
INSERT INTO "myapp_employee" VALUES(102,'Raj','Koothrappali','2019-03-25 11:11:27.207951',96);
CREATE TABLE "django_session" ("session_key" varchar(40) NOT NULL PRIMARY KEY, "session_data" text NOT NULL, "expire_date" datetime NOT NULL);
INSERT INTO "django_session" VALUES('3xfp1u4dznta4d1eca6edslzd9slbq3r','MGVmZTI3NjJiYzc5YjljZGRhY2NlY2EyZWVkZTA1MGQzNGI3NTE2OTp7Il9hdXRoX3VzZXJfYmFja2VuZCI6ImRqYW5nby5jb250cmliLmF1dGguYmFja2VuZHMuTW9kZWxCYWNrZW5kIiwiX2F1dGhfdXNlcl9oYXNoIjoiODNkOWIxMGNlNmVkZjU2ZGU3NDBlOGQ4OWMwMTM3MDM5NWYxZGFjNyIsIl9hdXRoX3VzZXJfaWQiOiIxIn0=','2019-04-08 09:55:40.820391');
DELETE FROM sqlite_sequence;
INSERT INTO "sqlite_sequence" VALUES('django_migrations',16);
INSERT INTO "sqlite_sequence" VALUES('django_admin_log',0);
INSERT INTO "sqlite_sequence" VALUES('django_content_type',8);
INSERT INTO "sqlite_sequence" VALUES('auth_permission',32);
INSERT INTO "sqlite_sequence" VALUES('auth_user',1);
INSERT INTO "sqlite_sequence" VALUES('myapp_department',97);
INSERT INTO "sqlite_sequence" VALUES('myapp_employee',102);
CREATE UNIQUE INDEX "auth_group_permissions_group_id_permission_id_0cd325b0_uniq" ON "auth_group_permissions" ("group_id", "permission_id");
CREATE INDEX "auth_group_permissions_group_id_b120cbf9" ON "auth_group_permissions" ("group_id");
CREATE INDEX "auth_group_permissions_permission_id_84c5c92e" ON "auth_group_permissions" ("permission_id");
CREATE UNIQUE INDEX "auth_user_groups_user_id_group_id_94350c0c_uniq" ON "auth_user_groups" ("user_id", "group_id");
CREATE INDEX "auth_user_groups_user_id_6a12ed8b" ON "auth_user_groups" ("user_id");
CREATE INDEX "auth_user_groups_group_id_97559544" ON "auth_user_groups" ("group_id");
CREATE UNIQUE INDEX "auth_user_user_permissions_user_id_permission_id_14a6b632_uniq" ON "auth_user_user_permissions" ("user_id", "permission_id");
CREATE INDEX "auth_user_user_permissions_user_id_a95ead1b" ON "auth_user_user_permissions" ("user_id");
CREATE INDEX "auth_user_user_permissions_permission_id_1fbb5f2c" ON "auth_user_user_permissions" ("permission_id");
CREATE INDEX "django_admin_log_content_type_id_c4bce8eb" ON "django_admin_log" ("content_type_id");
CREATE INDEX "django_admin_log_user_id_c564eba6" ON "django_admin_log" ("user_id");
CREATE UNIQUE INDEX "django_content_type_app_label_model_76bd3d3b_uniq" ON "django_content_type" ("app_label", "model");
CREATE UNIQUE INDEX "auth_permission_content_type_id_codename_01ab375a_uniq" ON "auth_permission" ("content_type_id", "codename");
CREATE INDEX "auth_permission_content_type_id_2f476e4b" ON "auth_permission" ("content_type_id");
CREATE INDEX "myapp_employee_department_id_314c897f" ON "myapp_employee" ("department_id");
CREATE INDEX "django_session_expire_date_a5c62663" ON "django_session" ("expire_date");
COMMIT;